{"total": {"lines":{"total":97,"covered":92,"skipped":0,"pct":94.85},"statements":{"total":101,"covered":92,"skipped":0,"pct":91.09},"functions":{"total":19,"covered":19,"skipped":0,"pct":100},"branches":{"total":24,"covered":16,"skipped":0,"pct":66.67}}
,"G:\\git\\serverless-s3-replication-plugin\\src\\helper.js": {"lines":{"total":97,"covered":92,"skipped":0,"pct":94.85},"functions":{"total":19,"covered":19,"skipped":0,"pct":100},"statements":{"total":101,"covered":92,"skipped":0,"pct":91.09},"branches":{"total":24,"covered":16,"skipped":0,"pct":66.67}}
}
