{"total": {"lines":{"total":99,"covered":94,"skipped":0,"pct":94.94},"statements":{"total":103,"covered":94,"skipped":0,"pct":91.26},"functions":{"total":20,"covered":20,"skipped":0,"pct":100},"branches":{"total":26,"covered":16,"skipped":0,"pct":61.53},"branchesTrue":{"total":0,"covered":0,"skipped":0,"pct":"Unknown"}}
,"/Users/stefmorren/Documents/git/plugins/serverless-s3-replication-plugin/src/helper.js": {"lines":{"total":99,"covered":94,"skipped":0,"pct":94.94},"functions":{"total":20,"covered":20,"skipped":0,"pct":100},"statements":{"total":103,"covered":94,"skipped":0,"pct":91.26},"branches":{"total":26,"covered":16,"skipped":0,"pct":61.53}}
}
